<?xml version="1.0" encoding="UTF-8"?>
<!-- Generated by org.testng.reporters.JUnitReportReporter -->
<testsuite hostname="DESKTOP-88R09EB" failures="0" tests="2" name="com.tests.HomeTest" time="17.343" errors="0" timestamp="2023-05-10T22:00:06 IST" skipped="0">
  <testcase classname="com.tests.HomeTest" name="swagLabsHeadingTest" time="5.069"/>
  <system-out/>
  <testcase classname="com.tests.HomeTest" name="productsHeadingTest" time="12.274"/>
  <system-out/>
</testsuite> <!-- com.tests.HomeTest -->
