<?xml version="1.0" encoding="UTF-8"?>
<!-- Generated by org.testng.reporters.JUnitReportReporter -->
<testsuite hostname="DESKTOP-88R09EB" failures="0" tests="1" name="com.tests.SwagLabsTest" time="7.988" errors="0" timestamp="2023-05-01T21:55:25 IST" skipped="0">
  <testcase classname="com.tests.SwagLabsTest" name="productsHeadingTest" time="7.988"/>
  <system-out/>
</testsuite> <!-- com.tests.SwagLabsTest -->
