<?xml version="1.0" encoding="UTF-8"?>
<!-- Generated by org.testng.reporters.JUnitReportReporter -->
<testsuite hostname="DESKTOP-88R09EB" failures="0" tests="2" name="com.tests.LoginTest" time="11.151" errors="0" timestamp="2023-05-09T22:49:46 IST" skipped="0">
  <testcase classname="com.tests.LoginTest" name="verifyLoginButtonTest" time="2.981"/>
  <system-out/>
  <testcase classname="com.tests.LoginTest" name="verifyAlertMessageTest" time="8.170"/>
  <system-out/>
</testsuite> <!-- com.tests.LoginTest -->
