<?xml version="1.0" encoding="UTF-8"?>
<!-- Generated by org.testng.reporters.JUnitReportReporter -->
<testsuite hostname="DESKTOP-88R09EB" failures="0" tests="2" name="com.tests.HomeTest" time="10.140" errors="0" timestamp="2023-05-08T23:08:05 IST" skipped="0">
  <testcase classname="com.tests.HomeTest" name="swagLabsHeadingTest" time="5.152"/>
  <system-out/>
  <testcase classname="com.tests.HomeTest" name="productsHeadingTest" time="4.988"/>
  <system-out/>
</testsuite> <!-- com.tests.HomeTest -->
