<?xml version="1.0" encoding="UTF-8"?>
<!-- Generated by org.testng.reporters.JUnitReportReporter -->
<testsuite hostname="DESKTOP-88R09EB" failures="0" tests="2" name="com.tests.LoginTest" time="14.979" errors="0" timestamp="2023-05-08T23:08:05 IST" skipped="0">
  <testcase classname="com.tests.LoginTest" name="verifyLoginButtonTest" time="10.423"/>
  <system-out/>
  <testcase classname="com.tests.LoginTest" name="verifyAlertMessageTest" time="4.556"/>
  <system-out/>
</testsuite> <!-- com.tests.LoginTest -->
